<?xml version="1.0" encoding="UTF-8"?>
<testsuite xmlns:xsi="http://www.w3.org/2001/XMLSchema-instance" xsi:noNamespaceSchemaLocation="https://maven.apache.org/surefire/maven-surefire-plugin/xsd/surefire-test-report-3.0.xsd" version="3.0" name="com.tools.FIXParserTest" time="0.074" tests="10" errors="0" skipped="0" failures="0">
  <properties>
[...]
</properties>
  <testcase name="testInvalidSeparatorFIXParse" classname="com.tools.FIXParserTest" time="0.039"/>
  <testcase name="testNonFIXParse" classname="com.tools.FIXParserTest" time="0.001"/>
  <testcase name="testEmptyStringParse" classname="com.tools.FIXParserTest" time="0.0"/>
  <testcase name="testTruncatedFIXParse" classname="com.tools.FIXParserTest" time="0.001"/>
  <testcase name="testNewSingleOrderParse" classname="com.tools.FIXParserTest" time="0.001"/>
  <testcase name="testExecutionReportParse" classname="com.tools.FIXParserTest" time="0.001"/>
  <testcase name="testInvalidStartFIXParse" classname="com.tools.FIXParserTest" time="0.0"/>
  <testcase name="testIncompleteFIXParse" classname="com.tools.FIXParserTest" time="0.001"/>
  <testcase name="testLogOnParse" classname="com.tools.FIXParserTest" time="0.0"/>
  <testcase name="testLogOutParse" classname="com.tools.FIXParserTest" time="0.001"/>
</testsuite>